-------------------------------------------------------------------------------
AGILENT 3070 BOARD TEST GRADER               Sat Jul 31 16:20:33 2021  page 1  

Analog  Functional     Quality REPORT
-------------------------------------------------------------------------------

Board Path:              ./
Board Serial #:          Board1
Date of Data generation: Thu Jul 29 17:55:08 2021

Number of test runs (in config.bdg): 10
Number of tests: 168

Report Flags:
          F = Test failed
          M = Mean not centered 66.67%
          C = Coefficient of producibility too small 10.00

Designator            ---Programmed----   --------Computed---------   #  Flg Com
                      Nom    Low   High   Mean StdDev    CPK     CP  Bad     Ref

pwr_check,P3V3_STBY
                      N/A   3.14   3.47   3.30   201u    270    274    0     ...
pwr_check,P12V        N/A   11.4   12.6   12.1   875u    199    229    0     ...
pwr_check,P3_3VA      N/A   3.14   3.47   3.33   229u    195    241    0     ...
pwr_check,P1V8_FPGA
                      N/A   1.67   1.93   1.80   142u    288    296    0     ...
pwr_check,P5V         N/A   4.75   5.25   5.08   249u    222    334    0     ...
pwr_check,P3_3V       N/A   3.14   3.47   3.31  91.7u    563    600    0     ...
pwr_check,P1_8V       N/A   1.67   1.93   1.82   133u    254    317    0     ...
pwr_check,PWR_SA_P1V8_PVOUT
                      N/A   1.67   1.93   1.81   101u    392    417    0     ...
pwr_check,PWR_SA_AVDD12
                      N/A   1.10   1.30   1.21  65.4u    439    489    0     ...
pwr_check,P5V_BCN     N/A   4.75   5.25   5.09  14.0m   3.91   5.95    0  C  ...
pwr_check,PWR_P3V3_Q2
                      N/A   3.14   3.47   3.36   315u    115    175    0     ...
pwr_check,PWR_P3V3_Q1
                      N/A   3.14   3.47   3.36   260u    138    212    0     ...
pwr_check,PWR_VDD_RT
                      N/A   782m   918m   859m   598u   32.9   37.9    0     ...
pwr_check,PWR_AVDD_RT
                      N/A   1.06   1.24   1.16   103u    261    298    0     ...
pwr_check,PWR_AVDDH_RT
                      N/A   782m   918m   861m  99.9u    190    227    0     ...
pwr_check,P2_5VA      N/A   2.33   2.68   2.50  82.7u    692    705    0     ...
pwr_check,P1_1VA      N/A   990m   1.21   1.11   120u    284    305    0     ...
pwr_check,PWR_SA_AVDD10
                      N/A   920m   1.08   1.01   239u    102    111    0     ...
pwr_check,PWR_SA_AVDD08
                      N/A   736m   864m   813m  92.9u    183    230    0     ...
pwr_check,PWR_SA_DVDD
                      N/A   704m   826m   767m   271u   72.7   75.2    0     ...
u1_1_qa,VIN           N/A   11.4   12.6   12.1  1.58m    107    126    0     ...
u1_1_qa,VOUT          N/A   920m   1.08   1.01   194u    126    138    0     ...
u1_92_qa,VIN          N/A   11.4   12.6   12.1  1.58m    107    126    0     ...
u1_92_qa,VOUT         N/A   920m   1.08   1.01   220u    111    121    0     ...
u1_98_qa,VIN          N/A   11.4   12.6   12.1  1.44m    117    139    0     ...
u1_98_qa,VOUT         N/A   782m   918m   813m   289u   35.8   78.6    0     ...
u3,VOLT_OUT           N/A   1.15   1.35   1.21  50.2u    393    664    0     ...
u1_01_qd,VIN          N/A   11.4   12.6   12.1  1.64m    103    122    0     ...
u1_01_qd,VOUT         N/A   711m   819m   767m   278u   61.7   64.2    0     ...
u1_02_qd,VIN          N/A   11.4   12.6   12.1  1.35m    125    148    0     ...
u1_02_qd,VOUT         N/A   711m   819m   767m   261u   65.7   68.4    0     ...
u1_03_qd,VIN          N/A   11.4   12.6   12.1  1.71m   98.7    117    0     ...
u1_03_qd,VOUT         N/A   711m   819m   767m   262u   65.4   68.1    0     ...
u1_04_qd,VIN          N/A   11.4   12.6   12.1  1.39m    122    144    0     ...
u1_04_qd,VOUT         N/A   711m   819m   767m   271u   63.3   66.0    0     ...
u1_05_qd,VIN          N/A   11.4   12.6   12.1  1.67m    101    120    0     ...
u1_05_qd,VOUT         N/A   711m   819m   767m   290u   59.2   61.6    0     ...
u1_06_qd,VIN          N/A   11.4   12.6   12.1  1.58m    107    126    0     ...
u1_06_qd,VOUT         N/A   711m   819m   767m   283u   60.6   63.1    0     ...
u1_07_qd,VIN          N/A   11.4   12.6   12.1  1.44m    118    139    0     ...
u1_07_qd,VOUT         N/A   711m   819m   767m   270u   63.5   66.1    0     ...
u1_08_qd,VIN          N/A   11.4   12.6   12.1  1.44m    117    139    0     ...
u1_08_qd,VOUT         N/A   711m   819m   767m   261u   65.7   68.4    0     ...
u1_09_qd,VIN          N/A   11.4   12.6   12.1  1.44m    117    139    0     ...
u1_09_qd,VOUT         N/A   711m   819m   767m   311u   55.1   57.3    0     ...
u1_10_qd,VIN          N/A   11.4   12.6   12.1   793u    213    252    0     ...
u1_10_qd,VOUT         N/A   711m   819m   767m   247u   69.4   72.3    0     ...
u1_11_qd,VIN          N/A   11.4   12.6   12.1  1.48m    114    135    0     ...
u1_11_qd,VOUT         N/A   711m   819m   767m   299u   57.4   59.8    0     ...
u1_12_qd,VIN          N/A   11.4   12.6   12.1  1.97m   85.9    101    0     ...
u1_12_qd,VOUT         N/A   711m   819m   767m   293u   58.5   60.9    0     ...
u1_13_qd,VIN          N/A   11.4   12.6   12.1  1.44m    117    139    0     ...
u1_13_qd,VOUT         N/A   711m   819m   767m   304u   56.4   58.8    0     ...
u1_14_qd,VIN          N/A   11.4   12.6   12.1  1.18m    144    170    0     ...
u1_14_qd,VOUT         N/A   711m   819m   767m   254u   67.5   70.3    0     ...
u1_15_qd,VIN          N/A   11.4   12.6   12.1  1.64m    103    122    0     ...
u1_15_qd,VOUT         N/A   711m   819m   767m   278u   61.7   64.3    0     ...
u1_16_qd,VIN          N/A   11.4   12.6   12.1  1.28m    132    156    0     ...
u1_16_qd,VOUT         N/A   711m   819m   767m   283u   60.4   63.0    0     ...
u1_91_rr,VIN          N/A   11.4   12.6   12.1  1.74m   96.9    115    0     ...
u1_91_rr,VOUT         N/A   791m   910m   859m   421u   39.8   47.1    0     ...
u1_92_rr,VIN          N/A   11.4   12.6   12.1  1.58m    107    126    0     ...
u1_92_rr,VOUT         N/A   791m   910m   859m   359u   46.7   55.2    0     ...
u1_93_rr,VIN          N/A   11.4   12.6   12.1  1.67m    101    120    0     ...
u1_93_rr,VOUT         N/A   791m   910m   859m   334u   50.0   59.4    0     ...
u1_97_rr,VIN          N/A   11.4   12.6   12.1  1.28m    132    156    0     ...
u1_97_rr,VOUT         N/A   1.07   1.23   1.16   139u    167    193    0     ...
u1_98_rr,VIN          N/A   11.4   12.6   12.1  1.62m    105    124    0     ...
u1_98_rr,VOUT         N/A   1.07   1.23   1.16   111u    210    243    0     ...
u1_ra,VIN             N/A   11.4   12.6   12.1   787u    222    254    0     ...
u1_ra,VOUT            N/A   791m   910m   861m   129u    126    154    0     ...
u1_91_q3v3r,VIN       N/A   11.4   12.6   12.1  1.32m    128    151    0     ...
u1_91_q3v3r,VOUT      N/A   3.14   3.47   3.36   289u    126    190    0     ...
u1_92_q3v3r,VIN       N/A   11.4   12.6   12.1  1.47m    115    136    0     ...
u1_92_q3v3r,VOUT      N/A   3.14   3.47   3.36   368u   98.4    149    0     ...
u1_93_q3v3r,VIN       N/A   11.4   12.6   12.1  1.32m    128    151    0     ...
u1_93_q3v3r,VOUT      N/A   3.14   3.47   3.36   443u   81.7    124    0     ...
u1_94_q3v3r,VIN       N/A   11.4   12.6   12.1  1.61m    105    124    0     ...
u1_94_q3v3r,VOUT      N/A   3.14   3.47   3.36   394u   91.9    139    0     ...
u1_96_q3v3r,VIN       N/A   11.4   12.6   12.1  1.62m    105    124    0     ...
u1_96_q3v3r,VOUT      N/A   3.14   3.47   3.36   300u    121    183    0     ...
u1_97_q3v3r,VIN       N/A   11.4   12.6   12.1  1.64m    103    122    0     ...
u1_97_q3v3r,VOUT      N/A   3.14   3.47   3.36   278u    128    198    0     ...
u1_98_q3v3r,VIN       N/A   11.4   12.6   12.1  1.51m    112    133    0     ...
u1_98_q3v3r,VOUT      N/A   3.14   3.47   3.36   396u   90.1    139    0     ...
u1_99,VIN             N/A   11.4   12.6   12.1  1.48m    114    135    0     ...
u1_99,VOUT1           N/A   1.71   1.89   1.82   164u    132    183    0     ...
u1_99,VOUT2           N/A   4.75   5.25   5.08   274u    203    304    0     ...
u1_adv,VIN            N/A   11.4   12.6   12.1  1.53m    110    130    0     ...
u1_adv,VOUT1          N/A   3.14   3.47   3.33   230u    195    239    0     ...
u1_adv,VOUT2          N/A   1.02   1.18   1.11  94.9u    243    270    0     ...
u1_im,VOUT_REF_1P65
                      N/A   1.57   1.73   1.60  2.62m   4.77   10.5    0  C  ...
u1_im,VOUT_REF_1P25
                      N/A   1.19   1.31   1.25  2.92m   7.04   7.14    0  C  ...
u1_p1,VOUT            N/A   1.67   1.93   1.81   118u    336    356    0     ...
u1_p3v3,VOUT          N/A   3.07   3.53   3.31   164u    450    469    0     ...
u2_adv,VOLT_IN        N/A   3.14   3.47   3.33   342u    130    161    0     ...
u2_adv,VOLT_OUT       N/A   2.38   2.63   2.50  63.8u    630    653    0     ...
u9,VIN                N/A   3.14   3.47   3.30   165u    330    334    0     ...
u9,VOUT               N/A   4.75   5.25   5.08   277u    200    301    0     ...
u12_q0,VOUT           N/A   3.07   3.53   3.36   382u    149    201    0     ...
u12_q1,VOUT           N/A   3.07   3.53   3.36   349u    162    221    0     ...
u12_q2,VOUT           N/A   3.07   3.53   3.36   333u    171    231    0     ...
u12_q3,VOUT           N/A   3.07   3.53   3.36   307u    184    250    0     ...
u12_q4,VOUT           N/A   3.07   3.53   3.36   322u    176    239    0     ...
u12_q5,VOUT           N/A   3.07   3.53   3.36   326u    174    236    0     ...
u12_q6,VOUT           N/A   3.07   3.53   3.36   270u    210    286    0     ...
u12_q7,VOUT           N/A   3.07   3.53   3.36   238u    238    323    0     ...
u12_q8,VOUT           N/A   3.07   3.53   3.36   307u    184    250    0     ...
u12_q9,VOUT           N/A   3.07   3.53   3.36   374u    152    206    0     ...
u12_q10,VOUT          N/A   3.07   3.53   3.36   387u    146    199    0     ...
u12_q11,VOUT          N/A   3.07   3.53   3.36   330u    171    234    0     ...
u12_q12,VOUT          N/A   3.07   3.53   3.36   340u    166    226    0     ...
u12_q13,VOUT          N/A   3.07   3.53   3.36   391u    144    197    0     ...
u12_q14,VOUT          N/A   3.07   3.53   3.36   338u    167    228    0     ...
u12_q15,VOUT          N/A   3.07   3.53   3.36   357u    158    216    0     ...
u13_q0,VOUT           N/A   3.07   3.53   3.36   413u    138    186    0     ...
u13_q1,VOUT           N/A   3.07   3.53   3.36   315u    181    245    0     ...
u13_q2,VOUT           N/A   3.07   3.53   3.36   345u    165    223    0     ...
u13_q3,VOUT           N/A   3.07   3.53   3.36   322u    177    239    0     ...
u13_q4,VOUT           N/A   3.07   3.53   3.36   391u    146    197    0     ...
u13_q5,VOUT           N/A   3.07   3.53   3.36   412u    138    187    0     ...
u13_q6,VOUT           N/A   3.07   3.53   3.36   358u    158    215    0     ...
u13_q7,VOUT           N/A   3.07   3.53   3.36   184u    307    418    0     ...
u13_q8,VOUT           N/A   3.07   3.53   3.36   336u    169    229    0     ...
u13_q9,VOUT           N/A   3.07   3.53   3.36   289u    195    266    0     ...
u13_q10,VOUT          N/A   3.07   3.53   3.36   309u    182    249    0     ...
u13_q11,VOUT          N/A   3.07   3.53   3.36   365u    155    211    0     ...
u13_q12,VOUT          N/A   3.07   3.53   3.36   340u    166    226    0     ...
u13_q13,VOUT          N/A   3.07   3.53   3.36   208u    271    370    0     ...
u13_q14,VOUT          N/A   3.07   3.53   3.36   289u    195    266    0     ...
u13_q15,VOUT          N/A   3.07   3.53   3.36   293u    192    263    0     ...
u15,VIN               N/A   3.14   3.47   3.33   187u    238    294    0     ...
u15,VOUT              N/A   1.67   1.93   1.80   128u    319    327    0     ...
u18,Out               N/A  23.8M  26.3M  25.0M    339  1.23k  1.23k    0     ...
u41,Freq_out          N/A  22.8M  25.2M  24.0M   5.16  77.5k  77.5k    0     ...
u138%freq,Out         N/A  9.28M  10.3M  9.76M   6.15  26.2k  26.5k    0     ...

Designator                                                        Num  Num Com
                                                                 Pass Fail Ref

u12_q0                                                             10    0 ...
u12_q1                                                             10    0 ...
u12_q2                                                             10    0 ...
u12_q3                                                             10    0 ...
u12_q4                                                             10    0 ...
u12_q5                                                             10    0 ...
u12_q6                                                             10    0 ...
u12_q7                                                             10    0 ...
u12_q8                                                             10    0 ...
u12_q9                                                             10    0 ...
u12_q10                                                            10    0 ...
u12_q11                                                            10    0 ...
u12_q12                                                            10    0 ...
u12_q13                                                            10    0 ...
u12_q14                                                            10    0 ...
u12_q15                                                            10    0 ...
u13_q0                                                             10    0 ...
u13_q1                                                             10    0 ...
u13_q2                                                             10    0 ...
u13_q3                                                             10    0 ...
u13_q4                                                             10    0 ...
u13_q5                                                             10    0 ...
u13_q6                                                             10    0 ...
u13_q7                                                             10    0 ...
u13_q8                                                             10    0 ...
u13_q9                                                             10    0 ...
u13_q10                                                            10    0 ...
u13_q11                                                            10    0 ...
u13_q12                                                            10    0 ...
u13_q13                                                            10    0 ...
u13_q14                                                            10    0 ...
u13_q15                                                            10    0 ...

The columns have the following meaning:
Designator: This is the main device designator.  If a device test has several
            test statements (e.g. diode tests on the emitter-base and
            base-collector junctions of a transistor) a sub-designator is added
Thr:        The threshold for determining an open or closed result.
O/C:        Open or closed, depending on the test.
Nom:        The nominal value in the test statement.
Low:        The lower limit in the test statement.
High:       The upper limit in the test statement.
Mean:       The mean of the values obtained by repeating the test.
StdDev:     The standard deviation of the obtained by repeating the test.
Margin:     The difference between the threshold and the closed measurements.
CPK:        The coefficient of producibility. CPK greater than 10 provides
            confidence in the producibility and stability of the test.
CP:         The minimum value where the CPK is determined by the limit 
	    closest to the mean.  CP is equal to CPK where the mean 
            is centered.  
# Bad:      The number of times the test failed. 
Flg:        These columns will have a warning flag character in the
            corresponding column (e.g. M if the mean is not centered in the
            limits band).
Com Ref:    This will allow the user to enter the comment number specified in
            the comment files.


For more Information, please examine: ana_fun_qua.dat
