-------------------------------------------------------------------------------
AGILENT 3070 BOARD TEST GRADER               Sat Jul 31 16:20:33 2021  page 1  

BScan   Interconnect   Quality REPORT
-------------------------------------------------------------------------------

Board Path:              ./
Board Serial #:          Board1
Date of Data generation: Thu Jul 29 14:39:06 2021

Number of test runs (in config.bdg): 10
Number of tests: 23

Report Flags:
          F = Test failed
          M = Mean not centered 66.67%
          C = Coefficient of producibility too small 10.00

Designator            ---Programmed----   --------Computed---------   #  Flg Com
                      Nom    Low   High   Mean StdDev    CPK     CP  Bad     Ref

pwr_check,P3V3_STBY
                      N/A   3.04   3.56   3.30   137u    634    643    0     ...
pwr_check,P12V        N/A   11.4   12.6   12.1   927u    186    216    0     ...
pwr_check,P3_3VA      N/A   3.04   3.56   3.33   180u    432    490    0     ...
pwr_check,P1V8_FPGA
                      N/A   1.66   1.94   1.80  71.0u    658    676    0     ...
pwr_check,P5V         N/A   4.75   5.25   5.08   214u    259    390    0     ...
pwr_check,P3_3V       N/A   3.04   3.56   3.31   123u    688    715    0     ...
pwr_check,P1_8V       N/A   1.66   1.94   1.83   171u    232    281    0     ...
pwr_check,PWR_SA_P1V8_PVOUT
                      N/A   1.66   1.94   1.81  84.0u    540    571    0     ...
pwr_check,PWR_SA_AVDD12
                      N/A   1.10   1.30   1.21  29.0u    990  1.10k    0     ...
pwr_check,P5V_BCN     N/A   4.75   5.25   5.08  9.50m   5.85   8.78    0  C  ...
pwr_check,PWR_P3V3_Q2
                      N/A   3.04   3.56   3.36   284u    244    310    0     ...
pwr_check,PWR_P3V3_Q1
                      N/A   3.04   3.56   3.36   232u    296    379    0     ...
pwr_check,PWR_VDD_RT
                      N/A   782m   918m   859m   588u   33.4   38.6    0     ...
pwr_check,PWR_AVDD_RT
                      N/A   1.06   1.24   1.16  97.8u    274    313    0     ...
pwr_check,PWR_AVDDH_RT
                      N/A   782m   918m   861m  90.3u    210    251    0     ...
pwr_check,P2_5VA      N/A   2.30   2.70   2.50  80.2u    819    831    0     ...
pwr_check,P1_1VA      N/A   990m   1.21   1.11  92.0u    371    399    0     ...
pwr_check,PWR_SA_AVDD10
                      N/A   920m   1.08   1.01   145u    170    184    0     ...
pwr_check,PWR_SA_AVDD08
                      N/A   736m   864m   813m   131u    130    163    0     ...
pwr_check,PWR_SA_DVDD
                      N/A   704m   826m   767m   146u    136    140    0     ...

Designator                                                        Num  Num Com
                                                                 Pass Fail Ref

u1_c1_u5_r3_dis                                                    10    0 ...

Designator                                                        Num  Num Com
                                                                 Pass Fail Ref

u1_c1_u5_r3_aio                                                    10    0 ...
u1_c1_u5_r3                                                        10    0 ...

The columns have the following meaning:
Designator: This is the main device designator.  If a device test has several
            test statements (e.g. diode tests on the emitter-base and
            base-collector junctions of a transistor) a sub-designator is added
Thr:        The threshold for determining an open or closed result.
O/C:        Open or closed, depending on the test.
Nom:        The nominal value in the test statement.
Low:        The lower limit in the test statement.
High:       The upper limit in the test statement.
Mean:       The mean of the values obtained by repeating the test.
StdDev:     The standard deviation of the obtained by repeating the test.
Margin:     The difference between the threshold and the closed measurements.
CPK:        The coefficient of producibility. CPK greater than 10 provides
            confidence in the producibility and stability of the test.
CP:         The minimum value where the CPK is determined by the limit 
	    closest to the mean.  CP is equal to CPK where the mean 
            is centered.  
# Bad:      The number of times the test failed. 
Flg:        These columns will have a warning flag character in the
            corresponding column (e.g. M if the mean is not centered in the
            limits band).
Com Ref:    This will allow the user to enter the comment number specified in
            the comment files.


For more Information, please examine: bscan_inter_qua.dat
