-------------------------------------------------------------------------------
AGILENT 3070 BOARD TEST GRADER               Sat Jul 31 16:20:33 2021  page 1  

Digital Incircuit      Fault Coverage REPORT
-------------------------------------------------------------------------------

Board Path:              ./
Board Serial #:          Board1
Date of Data generation: Thu Jul 29 15:06:25 2021

Number of test runs (in config.bdg): 1
Number of tests: 34

Designator                                   -Drive Faults-  Receive Faults Com
                                               #      #        #      #     Ref
                                             Fault  Fault    Fault  Fault
                                             Found  Not Fnd  Found  Not Fnd

U24                                            30       0      24       0   ...
U25                                             6       0       3       0   ...
U29                                             6       0       3       0   ...
U30                                             6       0       3       0   ...
U31                                             6       0       3       0   ...
U34                                            30       6      24       0   ...
U26                                            27       0       9       0   ...
U96                                            24       0       9       0   ...
U119                                           24       0      15       0   ...
U27                                             6       0       3       0   ...
U64                                             6       0       3       0   ...
U1_Q3V3R                                        8       1       3       0   ...
U1_QA                                           8       1       3       0   ...
U1_QD                                           7       2       3       0   ...
U1_RR                                           7       2       3       0   ...
U2_SA                                          18       0      12       0   ...
U11                                             6       0       3       0   ...
U13_IM                                         12       0       3       0   ...
U14                                             6       0       3       0   ...
U16                                            10       2      21       0   ...
U8                                             30       0      12       0   ...
U10                                            24       0       9       0   ...
U39                                            18       0      18       0   ...
U17                                             3       0       3       0   ...
U21                                            30       0      21       0   ...
U37                                            18       0       3       0   ...
U40                                            30       0      24       0   ...
U57                                            30       0       3       0   ...
U69                                            18       0       9       0   ...
U7                                             18       0      12       0   ...
U6                                             30       0      24       0   ...
U1                                             24       0      18       0   ...
U2                                             24       0       6       0   ...
U20                                            12       3       3       0   ...

For more Information, please examine: dig_inc_ver_fau.dat
