=================================================================
IDCODE LOG FILE
-----------------------------------------------------------------
By      : F1318569 (F1318569)
Path    : 
Date    : Wed Jul  8 14:08:14 2020
=================================================================



Setting OS dependencies.....
   Checking OS...
   =>|MSWin32|
Identifying fixture design.....
   =>|Non-Panel|
Checking for Common Delimiter.....
Extracing all boundary scan tests.....
Finding all BSDL libraries.....
Finding BSDL libraries with IDCODE.....
Saving original boundary scan tests.....
---> copying digital/u27_connect_d to digital/u27_connect_d_ORIG
---> copying digital/u1_c_pch_connect_b to digital/u1_c_pch_connect_b_ORIG
---> copying digital/u1_c_connect_a to digital/u1_c_connect_a_ORIG
---> copying digital/u27_connect_e to digital/u27_connect_e_ORIG
---> copying digital/u1_c_pch_connect_c to digital/u1_c_pch_connect_c_ORIG
---> copying digital/u1_c_connect_b to digital/u1_c_connect_b_ORIG
---> copying digital/u1_c_pch_connect_d to digital/u1_c_pch_connect_d_ORIG
---> copying digital/u1_c_pch_connect_e to digital/u1_c_pch_connect_e_ORIG
---> copying digital/u1_c_connect_c to digital/u1_c_connect_c_ORIG
---> copying digital/u1_c_connect_d to digital/u1_c_connect_d_ORIG
---> copying digital/u1_c_connect_e to digital/u1_c_connect_e_ORIG
---> copying digital/u1_c_connect_f to digital/u1_c_connect_f_ORIG
---> copying digital/u1_c_connect_g to digital/u1_c_connect_g_ORIG
---> copying digital/u1_c_connect_h to digital/u1_c_connect_h_ORIG
---> copying digital/u1_c_connect_i to digital/u1_c_connect_i_ORIG
---> copying digital/u1_c_connect_j to digital/u1_c_connect_j_ORIG
---> copying digital/u1_c_connect_k to digital/u1_c_connect_k_ORIG
---> copying digital/u1_c_connect_l to digital/u1_c_connect_l_ORIG
---> copying digital/u8_connect_a to digital/u8_connect_a_ORIG
---> copying digital/u8_connect_b to digital/u8_connect_b_ORIG
---> copying digital/u8_connect_c to digital/u8_connect_c_ORIG
---> copying digital/u8_connect_d to digital/u8_connect_d_ORIG
---> copying digital/u8_connect_e to digital/u8_connect_e_ORIG
---> copying digital/u8_connect_f to digital/u8_connect_f_ORIG
---> copying digital/u8_connect_g to digital/u8_connect_g_ORIG
---> copying digital/u8_connect_h to digital/u8_connect_h_ORIG
---> copying digital/u8_connect_i to digital/u8_connect_i_ORIG
---> copying digital/u1_c_u1_ps to digital/u1_c_u1_ps_ORIG
---> copying digital/u8_connect_j to digital/u8_connect_j_ORIG
---> copying digital/u1_connect_a to digital/u1_connect_a_ORIG
---> copying digital/u1_connect_b to digital/u1_connect_b_ORIG
---> copying digital/u1_connect_c to digital/u1_connect_c_ORIG
---> copying digital/u1_connect_d to digital/u1_connect_d_ORIG
---> copying digital/u1_connect_e to digital/u1_connect_e_ORIG
---> copying digital/u1_i2_connect_a to digital/u1_i2_connect_a_ORIG
---> copying digital/u40_u27_ps to digital/u40_u27_ps_ORIG
---> copying digital/u40_connect_a to digital/u40_connect_a_ORIG
---> copying digital/u40_connect_b to digital/u40_connect_b_ORIG
---> copying digital/u40_connect_c to digital/u40_connect_c_ORIG
---> copying digital/u40_connect_d to digital/u40_connect_d_ORIG
---> copying digital/u40_connect_e to digital/u40_connect_e_ORIG
---> copying digital/u40_connect_f to digital/u40_connect_f_ORIG
---> copying digital/bmc_ddr4 to digital/bmc_ddr4_ORIG
---> copying digital/u27_connect_a to digital/u27_connect_a_ORIG
---> copying digital/u27_connect_b to digital/u27_connect_b_ORIG
---> copying digital/u27_connect_c to digital/u27_connect_c_ORIG
---> copying digital/u1_c_pch_connect_a to digital/u1_c_pch_connect_a_ORIG

Making custom library for BSDL file(s) with IDCODE.....
---> Commenting (X) out IDCODE in custom_lib/lcmxo3lf-1300-bga256.bsm_noidcode
     Custom Cell Package found: STD_1149_1_2001
---> Compiling custom_lib/lcmxo3lf-1300-bga256.bsm_noidcode.....
---> Commenting (X) out IDCODE in custom_lib/15-104798-01_pch.bsm_noidcode
     Custom Cell Package found: STD_1149_1_2001
     Custom Cell Package found: STD_1149_6_2003
---> Compiling custom_lib/15-104798-01_pch.bsm_noidcode.....
---> Commenting (X) out IDCODE in custom_lib/b1510342501_i210.bsm_noidcode
---> Compiling custom_lib/b1510342501_i210.bsm_noidcode.....
---> Commenting (X) out IDCODE in custom_lib/m2s025ts-vf256.bsd_noidcode
---> Compiling custom_lib/m2s025ts-vf256.bsd_noidcode.....
---> Commenting (X) out IDCODE in custom_lib/16-101031-01.bsm_noidcode
---> Compiling custom_lib/16-101031-01.bsm_noidcode.....
---> Commenting (X) out IDCODE in custom_lib/15-105116-01.bsm_noidcode
     Custom Cell Package found: STD_1149_1_2001
---> Compiling custom_lib/15-105116-01.bsm_noidcode.....
Modifying Boundary Scan tests.....

Modified ITL BScan tests NOT compiled by users option.....

Calculating run time.....
-----------------------------------------------
idcode run time was 6 seconds
-----------------------------------------------



Run time was 6 seconds


Finished!

