==========================================================================
MODIFY BSCAN SLEW UTILITY (Version 1.2)
--------------------------------------------------------------------------
Board           : 
Directory Path  : C:/Agilent_ICT/boards/Coastal_Fog_73-20128-04
Date            : Wed Jun 30 08:26:50 2021
By              : dmnfazhu (dmnfazhu)
==========================================================================


Setting OS dependencies.....
   Checking OS...
   =>|MSWin32|
Identifying fixture design.....
   =>|Non-Panel|
Checking for Common Delimiter.....
Checking for board directory.....
Reading all boundary scan tests from testorder.....
Backing up original ITL file(s).....
   digital/u36_u36_ps ---> digital/u36_u36_ps.SAV...
   digital/u1_sa%c2_connect ---> digital/u1_sa%c2_connect.SAV...
   digital/u36_connect ---> digital/u36_connect.SAV...
   digital/u1_c3_connect ---> digital/u1_c3_connect.SAV...
   digital/u1_c1_u5_r3 ---> digital/u1_c1_u5_r3.SAV...
   digital/u5_r1_connect ---> digital/u5_r1_connect.SAV...
   digital/u1_sa%c1_connect ---> digital/u1_sa%c1_connect.SAV...
   digital/u36_u36_dis ---> digital/u36_u36_dis.SAV...
   digital/u5_r3_connect ---> digital/u5_r3_connect.SAV...
   digital/u1_c2_connect ---> digital/u1_c2_connect.SAV...
   digital/u1_c1_u5_r3_ps ---> digital/u1_c1_u5_r3_ps.SAV...
   digital/u1_sa%c3_connect ---> digital/u1_sa%c3_connect.SAV...
   digital/u1_sa%m_connect ---> digital/u1_sa%m_connect.SAV...
   digital/u1_c1_u5_r3_ps_aio ---> digital/u1_c1_u5_r3_ps_aio.SAV...
   digital/u1_c4_connect ---> digital/u1_c4_connect.SAV...
   digital/u1_c1_u5_r3_dis ---> digital/u1_c1_u5_r3_dis.SAV...
   digital/u5_r0_connect ---> digital/u5_r0_connect.SAV...
   digital/u1_sa%c0_connect ---> digital/u1_sa%c0_connect.SAV...
   digital/u1_c1_u5_r3_aio ---> digital/u1_c1_u5_r3_aio.SAV...
   digital/u5_r2_connect ---> digital/u5_r2_connect.SAV...
   digital/u1_c1_connect ---> digital/u1_c1_connect.SAV...
Working on digital/u36_u36_ps.....
    Searching for TAP netnames.....
    Searching for existing slewrate settings.....
    Setting slew rate.....
    Compiling updated digital/u36_u36_ps...(may take a while)
    The original ITL file was backed up to "digital/u36_u36_ps.SAV".
Working on digital/u1_sa%c2_connect.....
    Searching for TAP netnames.....
    Searching for existing slewrate settings.....
    Setting slew rate.....
    Compiling updated digital/u1_sa%c2_connect...(may take a while)
    The original ITL file was backed up to "digital/u1_sa%c2_connect.SAV".
Working on digital/u36_connect.....
    Searching for TAP netnames.....
    Searching for existing slewrate settings.....
    Setting slew rate.....
    Compiling updated digital/u36_connect...(may take a while)
    The original ITL file was backed up to "digital/u36_connect.SAV".
Working on digital/u1_c3_connect.....
    Searching for TAP netnames.....
    Searching for existing slewrate settings.....
    Setting slew rate.....
    Compiling updated digital/u1_c3_connect...(may take a while)
    The original ITL file was backed up to "digital/u1_c3_connect.SAV".
Working on digital/u1_c1_u5_r3.....
    Searching for TAP netnames.....
    Searching for existing slewrate settings.....
    Setting slew rate.....
    Compiling updated digital/u1_c1_u5_r3...(may take a while)
    The original ITL file was backed up to "digital/u1_c1_u5_r3.SAV".
Working on digital/u5_r1_connect.....
    Searching for TAP netnames.....
    Searching for existing slewrate settings.....
    Setting slew rate.....
    Compiling updated digital/u5_r1_connect...(may take a while)
    The original ITL file was backed up to "digital/u5_r1_connect.SAV".
Working on digital/u1_sa%c1_connect.....
    Searching for TAP netnames.....
    Searching for existing slewrate settings.....
    Setting slew rate.....
    Compiling updated digital/u1_sa%c1_connect...(may take a while)
    The original ITL file was backed up to "digital/u1_sa%c1_connect.SAV".
Working on digital/u36_u36_dis.....
    Searching for TAP netnames.....
    Searching for existing slewrate settings.....
    Setting slew rate.....
    Compiling updated digital/u36_u36_dis...(may take a while)
    The original ITL file was backed up to "digital/u36_u36_dis.SAV".
Working on digital/u5_r3_connect.....
    Searching for TAP netnames.....
    Searching for existing slewrate settings.....
    Setting slew rate.....
    Compiling updated digital/u5_r3_connect...(may take a while)
    The original ITL file was backed up to "digital/u5_r3_connect.SAV".
Working on digital/u1_c2_connect.....
    Searching for TAP netnames.....
    Searching for existing slewrate settings.....
    Setting slew rate.....
    Compiling updated digital/u1_c2_connect...(may take a while)
    The original ITL file was backed up to "digital/u1_c2_connect.SAV".
Working on digital/u1_c1_u5_r3_ps.....
    Searching for TAP netnames.....
    Searching for existing slewrate settings.....
    Setting slew rate.....
    Compiling updated digital/u1_c1_u5_r3_ps...(may take a while)
    The original ITL file was backed up to "digital/u1_c1_u5_r3_ps.SAV".
Working on digital/u1_sa%c3_connect.....
    Searching for TAP netnames.....
    Searching for existing slewrate settings.....
    Setting slew rate.....
    Compiling updated digital/u1_sa%c3_connect...(may take a while)
    The original ITL file was backed up to "digital/u1_sa%c3_connect.SAV".
Working on digital/u1_sa%m_connect.....
    Searching for TAP netnames.....
    Searching for existing slewrate settings.....
    Setting slew rate.....
    Compiling updated digital/u1_sa%m_connect...(may take a while)
    The original ITL file was backed up to "digital/u1_sa%m_connect.SAV".
Working on digital/u1_c1_u5_r3_ps_aio.....
    Searching for TAP netnames.....
    Searching for existing slewrate settings.....
    Setting slew rate.....
    Compiling updated digital/u1_c1_u5_r3_ps_aio...(may take a while)
    The original ITL file was backed up to "digital/u1_c1_u5_r3_ps_aio.SAV".
Working on digital/u1_c4_connect.....
    Searching for TAP netnames.....
    Searching for existing slewrate settings.....
    Setting slew rate.....
    Compiling updated digital/u1_c4_connect...(may take a while)
    The original ITL file was backed up to "digital/u1_c4_connect.SAV".
Working on digital/u1_c1_u5_r3_dis.....
    Searching for TAP netnames.....
    Searching for existing slewrate settings.....
    Setting slew rate.....
    Compiling updated digital/u1_c1_u5_r3_dis...(may take a while)
    The original ITL file was backed up to "digital/u1_c1_u5_r3_dis.SAV".
Working on digital/u5_r0_connect.....
    Searching for TAP netnames.....
    Searching for existing slewrate settings.....
    Setting slew rate.....
    Compiling updated digital/u5_r0_connect...(may take a while)
    The original ITL file was backed up to "digital/u5_r0_connect.SAV".
Working on digital/u1_sa%c0_connect.....
    Searching for TAP netnames.....
    Searching for existing slewrate settings.....
    Setting slew rate.....
    Compiling updated digital/u1_sa%c0_connect...(may take a while)
    The original ITL file was backed up to "digital/u1_sa%c0_connect.SAV".
Working on digital/u1_c1_u5_r3_aio.....
    Searching for TAP netnames.....
    Searching for existing slewrate settings.....
    Setting slew rate.....
    Compiling updated digital/u1_c1_u5_r3_aio...(may take a while)
    The original ITL file was backed up to "digital/u1_c1_u5_r3_aio.SAV".
Working on digital/u5_r2_connect.....
    Searching for TAP netnames.....
    Searching for existing slewrate settings.....
    Setting slew rate.....
    Compiling updated digital/u5_r2_connect...(may take a while)
    The original ITL file was backed up to "digital/u5_r2_connect.SAV".
Working on digital/u1_c1_connect.....
    Searching for TAP netnames.....
    Searching for existing slewrate settings.....
    Setting slew rate.....
    Compiling updated digital/u1_c1_connect...(may take a while)
    The original ITL file was backed up to "digital/u1_c1_connect.SAV".

Done.

