=================================================================
DEBUG PREPARATION UTILITY LOG FILE (1.3)
-----------------------------------------------------------------
By      : dmnfazhu (dmnfazhu)
Path    : C:/Agilent_ICT/boards/Coastal_Fog_73-20128-04
Date    : Tue Jun 29 16:11:24 2021
=================================================================



Setting OS dependencies.....
   Checking OS...
   =>|MSWin32|
Identifying fixture design.....
   =>|Non-Panel|
Checking for Common Delimiter.....
Listing object board.o.....
Extracting all capacitor test names.....
Finding parallel capacitor test names.....
Backing up testplan file.....(testplan.2~)
Finding zero ohm resistors.....
Finding no-stuff (Not-in-bom) devices.....
Finding tests commented by testorder.....
Extracting part name for pin library.....
Extracting boundary scan info.....
Modifying testplan file.....
   Uncommenting commented tests
   Adding Not-in-bom message
   Adding Zero Ohm message
   Adding Part Name message for digital & analog functional
   Adding Boundary Scan message for digital
   Adding parallel cap info
Modifying commented analog & digital tests.....
   Working on analog/c182.....Compiling
   Working on analog/c01_q3v3r.....Compiling
   Working on analog/c02_q3v3r.....Compiling
   Working on analog/c8_qd.....Compiling
   Working on analog/c03_ra.....Compiling
   Working on analog/c03_q3v3r.....Compiling
   Working on analog/c03_qa.....Compiling
   Working on analog/c03_rr.....Compiling
   Working on analog/c04_q3v3r.....Compiling
   Working on analog/c04_qa.....Compiling
   Working on analog/c04_rr.....Compiling
   Working on analog/c6_qd.....Compiling
   Working on analog/c14_adv.....Compiling
   Working on analog/c9_qd.....Compiling
   Working on analog/c48.....Compiling
   Working on analog/c50.....Compiling
   Working on analog/c453.....Compiling
   Working on analog/c454.....Compiling
   Working on analog/r162_im.....Compiling
   Working on digital/u2_1v8b.....Compiling
   Working on digital/u2_3v3b.....Compiling
   Working on digital/u3_1v8b.....Compiling
   Working on digital/u3_3v3b.....Compiling
   Working on digital/u13_im.....Compiling
   Working on digital/u40.....Compiling
   Working on digital/u2.....Compiling
   Working on digital/u8.....Compiling
   Working on digital/u10.....Compiling
Processing Pre_Shorts.....
   Finding testnames...
   Analyzing jumper tests...
   Analyzing shorts test...
   Updating shorts...
   Analyzing testplan...
   Updating testplan...
Modifying shorts file.....
   Backing up shorts file.....(shorts.1~)
   Compiling...
Running uptol tool (may take a while).....
Running idcode tool (may take a while).....
Running bscanslew (may take a while).....
Backing up testorder file.....(testorder.2~)
Modifying testorder file.....

Removing all temp files.....
Calculating run time.....
-----------------------------------------------
debugprep run time was 58612 seconds
-----------------------------------------------



Run time was 58612 seconds

Review "debugprep.log" file for errors!!!


Finished!

