=================================================================
IDCODE LOG FILE
-----------------------------------------------------------------
By      : dmnfazhu (dmnfazhu)
Path    : 
Date    : Wed Jun 30 08:26:29 2021
=================================================================



Setting OS dependencies.....
   Checking OS...
   =>|MSWin32|
Identifying fixture design.....
   =>|Non-Panel|
Checking for Common Delimiter.....
Extracing all boundary scan tests.....
Finding all BSDL libraries.....
Finding BSDL libraries with IDCODE.....
Saving original boundary scan tests.....
---> copying digital/u36_u36_ps to digital/u36_u36_ps_ORIG
---> copying digital/u1_sa%c2_connect to digital/u1_sa%c2_connect_ORIG
---> copying digital/u36_connect to digital/u36_connect_ORIG
---> copying digital/u1_c3_connect to digital/u1_c3_connect_ORIG
---> copying digital/u1_c1_u5_r3 to digital/u1_c1_u5_r3_ORIG
---> copying digital/u5_r1_connect to digital/u5_r1_connect_ORIG
---> copying digital/u1_sa%c1_connect to digital/u1_sa%c1_connect_ORIG
---> copying digital/u5_r3_connect to digital/u5_r3_connect_ORIG
---> copying digital/u1_c2_connect to digital/u1_c2_connect_ORIG
---> copying digital/u1_c1_u5_r3_ps to digital/u1_c1_u5_r3_ps_ORIG
---> copying digital/u1_sa%c3_connect to digital/u1_sa%c3_connect_ORIG
---> copying digital/u1_sa%m_connect to digital/u1_sa%m_connect_ORIG
---> copying digital/u1_c1_u5_r3_ps_aio to digital/u1_c1_u5_r3_ps_aio_ORIG
---> copying digital/u1_c4_connect to digital/u1_c4_connect_ORIG
---> copying digital/u5_r0_connect to digital/u5_r0_connect_ORIG
---> copying digital/u1_sa%c0_connect to digital/u1_sa%c0_connect_ORIG
---> copying digital/u1_c1_u5_r3_aio to digital/u1_c1_u5_r3_aio_ORIG
---> copying digital/u5_r2_connect to digital/u5_r2_connect_ORIG
---> copying digital/u1_c1_connect to digital/u1_c1_connect_ORIG

Making custom library for BSDL file(s) with IDCODE.....
---> Commenting (X) out IDCODE in custom_lib/lcmxo2_b1643421.bsm_noidcode
     Custom Cell Package found: STD_1149_1_2001
---> Compiling custom_lib/lcmxo2_b1643421.bsm_noidcode.....
---> Commenting (X) out IDCODE in custom_lib/chiplet.12p8t.pdie2.bsdl_noidcode
     Custom Cell Package found: STD_1149_1_2001
     Custom Cell Package found: STD_1149_6_2003
---> Compiling custom_lib/chiplet.12p8t.pdie2.bsdl_noidcode.....
---> Commenting (X) out IDCODE in custom_lib/b161014361_5cgxfc4c.bsm_noidcode
---> Compiling custom_lib/b161014361_5cgxfc4c.bsm_noidcode.....
---> Commenting (X) out IDCODE in custom_lib/chiplet.12p8t.pdie0.bsdl_noidcode
     Custom Cell Package found: STD_1149_1_2001
     Custom Cell Package found: STD_1149_6_2003
---> Compiling custom_lib/chiplet.12p8t.pdie0.bsdl_noidcode.....
---> Commenting (X) out IDCODE in custom_lib/main.12p8t.bsdl_noidcode
     Custom Cell Package found: STD_1149_1_2001
     Custom Cell Package found: STD_1149_6_2003
---> Compiling custom_lib/main.12p8t.bsdl_noidcode.....
---> Commenting (X) out IDCODE in custom_lib/chiplet.12p8t.pdie3.bsdl_noidcode
     Custom Cell Package found: STD_1149_1_2001
     Custom Cell Package found: STD_1149_6_2003
---> Compiling custom_lib/chiplet.12p8t.pdie3.bsdl_noidcode.....
---> Commenting (X) out IDCODE in custom_lib/mt3722_acjtag.bsm_noidcode
     Custom Cell Package found: STD_1149_1_2001
     Custom Cell Package found: STD_1149_6_2003
---> Compiling custom_lib/mt3722_acjtag.bsm_noidcode.....
---> Commenting (X) out IDCODE in custom_lib/chiplet.12p8t.pdie1.bsdl_noidcode
     Custom Cell Package found: STD_1149_1_2001
     Custom Cell Package found: STD_1149_6_2003
---> Compiling custom_lib/chiplet.12p8t.pdie1.bsdl_noidcode.....
Modifying Boundary Scan tests.....

Modified ITL BScan tests NOT compiled by users option.....

Calculating run time.....
-----------------------------------------------
idcode run time was 21 seconds
-----------------------------------------------



Run time was 21 seconds


Finished!

