=================================================================
ICT PRESENCE TEST GENERATION LOG FILE
-----------------------------------------------------------------
By      : dmnfazhu (dmnfazhu)
Path    : C:/Agilent_ICT/boards/Coastal_Fog_73-20128-04
Date    : Mon Jun 28 15:10:53 2021
=================================================================


Setting OS dependencies.....
Checking for Common Delimiter.....
Reading input file.....
   =>|cb_q0 cb_q1 cb_q2 cb_q3 cb_q4 cb_q5 cb_q6 cb_q7 cb_q8 cb_q9 cb_q10 cb_q11 cb_q12 cb_q13 cb_q14 cb_q15 ct_q0 ct_q1 ct_q2 ct_q3 ct_q4 ct_q5 ct_q6 ct_q7 ct_q8 ct_q9 ct_q10 ct_q11 ct_q12 ct_q13 ct_q14 ct_q15 m15 m16 p1 p2 p3 p4 p1_q3v3r p1_qa p1_qd p1_rr p1_sa p5 p7|
Checking testorder for existing presence tests.....
Backing up testorder file.....
Getting fixture design type (panel/non-panel).....
Generating Presence test(s).....
Generating requirements for Presence test(s).....
   Compiling analog/cb_q0%presence
   Compiling analog/cb_q1%presence
   Compiling analog/cb_q2%presence
   Compiling analog/cb_q3%presence
   Compiling analog/cb_q4%presence
   Compiling analog/cb_q5%presence
   Compiling analog/cb_q6%presence
   Compiling analog/cb_q7%presence
   Compiling analog/cb_q8%presence
   Compiling analog/cb_q9%presence
   Compiling analog/cb_q10%presence
   Compiling analog/cb_q11%presence
   Compiling analog/cb_q12%presence
   Compiling analog/cb_q13%presence
   Compiling analog/cb_q14%presence
   Compiling analog/cb_q15%presence
   Compiling analog/ct_q0%presence
   Compiling analog/ct_q1%presence
   Compiling analog/ct_q2%presence
   Compiling analog/ct_q3%presence
   Compiling analog/ct_q4%presence
   Compiling analog/ct_q5%presence
   Compiling analog/ct_q6%presence
   Compiling analog/ct_q7%presence
   Compiling analog/ct_q8%presence
   Compiling analog/ct_q9%presence
   Compiling analog/ct_q10%presence
   Compiling analog/ct_q11%presence
   Compiling analog/ct_q12%presence
   Compiling analog/ct_q13%presence
   Compiling analog/ct_q14%presence
   Compiling analog/ct_q15%presence
   Compiling analog/m15%presence
   Compiling analog/m16%presence
   Compiling analog/p1%presence
   Compiling analog/p2%presence
   Compiling analog/p3%presence
   Compiling analog/p4%presence
   Compiling analog/p1_q3v3r%presence
   Compiling analog/p1_qa%presence
   Compiling analog/p1_qd%presence
   Compiling analog/p1_rr%presence
   Compiling analog/p1_sa%presence
   Compiling analog/p5%presence
   Compiling analog/p7%presence
Adding Presence test(s) to testorder.....
Running Module Pin Assignment.....(may take a while)
Running Fixture Tooling.....(may take a while)
Compiling Presence test(s).....
Backing up testplan file.....
Updating testplan.....
Generating Wiring Instructions for Presence test(s).....
Removing all temp files.....
Calculating run time.....

Run time was 149 seconds

Finished!

=================================================================
EVALOG TOOL LOG FILE (1.1)
-----------------------------------------------------------------
Path    : C:/Agilent_ICT/NPI/Coastal_Fog_73-20128-04
By      : ictuser ()
Date    : Thu Jul 29 18:08:49 2021
=================================================================


Setting OS dependencies.....
   Checking OS...
   =>|MSWin32|
Getting hostname.....
Identifying fixture design.....
=>|Non-Panel|
Checking for Common Delimiter.....
Validating board name.....
Searching for subroutines.....
Searching for functions.....
Searching for sub/function calls.....
Writing to log files.....
Uploading to webserver.....
**WARNING: Log file not up-loaded.
Log server unreachable.

Output file was saved to "bdg_data/test_source.log".

Removing all temp files.....
Calculating run time.....
   0.02 min

Done!

=================================================================
EVALOG TOOL LOG FILE (1.1)
-----------------------------------------------------------------
Path    : C:/Agilent_ICT/NPI/Coastal_Fog_73-20128-04
By      : ictuser ()
Date    : Thu Jul 29 18:09:22 2021
=================================================================


Setting OS dependencies.....
   Checking OS...
   =>|MSWin32|
Getting hostname.....
Identifying fixture design.....
=>|Non-Panel|
Checking for Common Delimiter.....
Validating board name.....
Searching for subroutines.....
Searching for functions.....
Searching for sub/function calls.....
Writing to log files.....
Uploading to webserver.....
**WARNING: Log file not up-loaded.
Log server unreachable.

Output file was saved to "bdg_data/test_source.log".

Removing all temp files.....
Calculating run time.....
   0.02 min

Done!

=================================================================
EVALOG TOOL LOG FILE (1.1)
-----------------------------------------------------------------
Path    : C:/Agilent_ICT/board/Coastal_Fog_73-20128-04
By      : ictuser ()
Date    : Fri Jul 30 10:37:22 2021
=================================================================


Setting OS dependencies.....
   Checking OS...
   =>|MSWin32|
Getting hostname.....
Identifying fixture design.....
=>|Non-Panel|
Checking for Common Delimiter.....
Validating board name.....
Searching for subroutines.....
Searching for functions.....
Searching for sub/function calls.....
Writing to log files.....
Uploading to webserver.....
**WARNING: Log file not up-loaded.
Log server unreachable.

Output file was saved to "bdg_data/test_source.log".

Removing all temp files.....
Calculating run time.....
   0.00 min

Done!

=================================================================
EVALOG TOOL LOG FILE (1.1)
-----------------------------------------------------------------
Path    : C:/Agilent_ICT/board/Coastal_Fog_73-20128-04
By      : ictuser ()
Date    : Fri Jul 30 10:47:25 2021
=================================================================


Setting OS dependencies.....
   Checking OS...
   =>|MSWin32|
Getting hostname.....
Identifying fixture design.....
=>|Non-Panel|
Checking for Common Delimiter.....
Validating board name.....
Searching for subroutines.....
Searching for functions.....
Searching for sub/function calls.....
Writing to log files.....
Uploading to webserver.....
**WARNING: Log file not up-loaded.
Log server unreachable.

Output file was saved to "bdg_data/test_source.log".

Removing all temp files.....
Calculating run time.....
   0.00 min

Done!

=================================================================
EVALOG TOOL LOG FILE (1.1)
-----------------------------------------------------------------
Path    : C:/Agilent_ICT/board/Coastal_Fog_73-20128-04
By      : ictuser ()
Date    : Fri Jul 30 11:16:29 2021
=================================================================


Setting OS dependencies.....
   Checking OS...
   =>|MSWin32|
Getting hostname.....
Identifying fixture design.....
=>|Non-Panel|
Checking for Common Delimiter.....
Validating board name.....
Searching for subroutines.....
Searching for functions.....
Searching for sub/function calls.....
Writing to log files.....
Uploading to webserver.....
**WARNING: Log file not up-loaded.
Log server unreachable.

Output file was saved to "bdg_data/test_source.log".

Removing all temp files.....
Calculating run time.....
   0.02 min

Done!

=================================================================
EVALOG TOOL LOG FILE (1.1)
-----------------------------------------------------------------
Path    : C:/Agilent_ICT/board/Coastal_Fog_73-20128-04
By      : ictuser ()
Date    : Fri Jul 30 11:21:25 2021
=================================================================


Setting OS dependencies.....
   Checking OS...
   =>|MSWin32|
Getting hostname.....
Identifying fixture design.....
=>|Non-Panel|
Checking for Common Delimiter.....
Validating board name.....
Searching for subroutines.....
Searching for functions.....
Searching for sub/function calls.....
Writing to log files.....
Uploading to webserver.....
**WARNING: Log file not up-loaded.
Log server unreachable.

Output file was saved to "bdg_data/test_source.log".

Removing all temp files.....
Calculating run time.....
   0.02 min

Done!

=================================================================
EVALOG TOOL LOG FILE (1.1)
-----------------------------------------------------------------
Path    : C:/Agilent_ICT/board/Coastal_Fog_73-20128-04
By      : ictuser ()
Date    : Fri Jul 30 11:21:52 2021
=================================================================


Setting OS dependencies.....
   Checking OS...
   =>|MSWin32|
Getting hostname.....
Identifying fixture design.....
=>|Non-Panel|
Checking for Common Delimiter.....
Validating board name.....
Searching for subroutines.....
Searching for functions.....
Searching for sub/function calls.....
Writing to log files.....
Uploading to webserver.....
**WARNING: Log file not up-loaded.
Log server unreachable.

Output file was saved to "bdg_data/test_source.log".

Removing all temp files.....
Calculating run time.....
   0.02 min

Done!

=================================================================
EVALOG TOOL LOG FILE (1.1)
-----------------------------------------------------------------
Path    : C:/Agilent_ICT/board/Coastal_Fog_73-20128-04
By      : ictuser ()
Date    : Fri Jul 30 11:27:38 2021
=================================================================


Setting OS dependencies.....
   Checking OS...
   =>|MSWin32|
Getting hostname.....
Identifying fixture design.....
=>|Non-Panel|
Checking for Common Delimiter.....
Validating board name.....
Searching for subroutines.....
Searching for functions.....
Searching for sub/function calls.....
Writing to log files.....
Uploading to webserver.....
**WARNING: Log file not up-loaded.
Log server unreachable.

Output file was saved to "bdg_data/test_source.log".

Removing all temp files.....
Calculating run time.....
   0.02 min

Done!

=================================================================
EVALOG TOOL LOG FILE (1.1)
-----------------------------------------------------------------
Path    : C:/Agilent_ICT/board/Coastal_Fog_73-20128-04
By      : ictuser ()
Date    : Fri Jul 30 11:39:04 2021
=================================================================


Setting OS dependencies.....
   Checking OS...
   =>|MSWin32|
Getting hostname.....
Identifying fixture design.....
=>|Non-Panel|
Checking for Common Delimiter.....
Validating board name.....
Searching for subroutines.....
Searching for functions.....
Searching for sub/function calls.....
Writing to log files.....
Uploading to webserver.....
**WARNING: Log file not up-loaded.
Log server unreachable.

Output file was saved to "bdg_data/test_source.log".

Removing all temp files.....
Calculating run time.....
   0.02 min

Done!

=================================================================
EVALOG TOOL LOG FILE (1.1)
-----------------------------------------------------------------
Path    : C:/Agilent_ICT/board/Coastal_Fog_73-20128-04
By      : ictuser ()
Date    : Fri Jul 30 13:36:06 2021
=================================================================


Setting OS dependencies.....
   Checking OS...
   =>|MSWin32|
Getting hostname.....
Identifying fixture design.....
=>|Non-Panel|
Checking for Common Delimiter.....
Validating board name.....
Searching for subroutines.....
Searching for functions.....
Searching for sub/function calls.....
Writing to log files.....
Uploading to webserver.....
**WARNING: Log file not up-loaded.
Log server unreachable.

Output file was saved to "bdg_data/test_source.log".

Removing all temp files.....
Calculating run time.....
   0.02 min

Done!

=================================================================
EVALOG TOOL LOG FILE (1.1)
-----------------------------------------------------------------
Path    : C:/Agilent_ICT/board/Coastal_Fog_73-20128-04
By      : ictuser ()
Date    : Fri Jul 30 13:51:34 2021
=================================================================


Setting OS dependencies.....
   Checking OS...
   =>|MSWin32|
Getting hostname.....
Identifying fixture design.....
=>|Non-Panel|
Checking for Common Delimiter.....
Validating board name.....
Searching for subroutines.....
Searching for functions.....
Searching for sub/function calls.....
Writing to log files.....
Uploading to webserver.....
**WARNING: Log file not up-loaded.
Log server unreachable.

Output file was saved to "bdg_data/test_source.log".

Removing all temp files.....
Calculating run time.....
   0.02 min

Done!

